Using pre-set license
Built from '2021.3/staging' branch; Version is '2021.3.18f1 (3129e69bc0c7) revision 3221990'; Using compiler version '192829333'; Build Type 'Release'
OS: 'Windows 11  (10.0.22621) 64bit Core' Language: 'en' Physical Memory: 32606 MB
BatchMode: 1, IsHumanControllingUs: 0, StartBugReporterOnCrash: 0, Is64bit: 1, IsPro: 1

COMMAND LINE ARGUMENTS:
C:\Program Files\Unity\Hub\Editor\2021.3.18f1\Editor\Unity.exe
-adb2
-batchMode
-noUpm
-name
AssetImportWorker0
-projectPath
C:/Unity Projects/RacingGame/RacingGame
-logFile
Logs/AssetImportWorker0.log
-srvPort
65143
Successfully changed project path to: C:/Unity Projects/RacingGame/RacingGame
C:/Unity Projects/RacingGame/RacingGame
[UnityMemory] Configuration Parameters - Can be set up in boot.config
    "memorysetup-bucket-allocator-granularity=16"
    "memorysetup-bucket-allocator-bucket-count=8"
    "memorysetup-bucket-allocator-block-size=33554432"
    "memorysetup-bucket-allocator-block-count=8"
    "memorysetup-main-allocator-block-size=16777216"
    "memorysetup-thread-allocator-block-size=16777216"
    "memorysetup-gfx-main-allocator-block-size=16777216"
    "memorysetup-gfx-thread-allocator-block-size=16777216"
    "memorysetup-cache-allocator-block-size=4194304"
    "memorysetup-typetree-allocator-block-size=2097152"
    "memorysetup-profiler-bucket-allocator-granularity=16"
    "memorysetup-profiler-bucket-allocator-bucket-count=8"
    "memorysetup-profiler-bucket-allocator-block-size=33554432"
    "memorysetup-profiler-bucket-allocator-block-count=8"
    "memorysetup-profiler-allocator-block-size=16777216"
    "memorysetup-profiler-editor-allocator-block-size=1048576"
    "memorysetup-temp-allocator-size-main=16777216"
    "memorysetup-job-temp-allocator-block-size=2097152"
    "memorysetup-job-temp-allocator-block-size-background=1048576"
    "memorysetup-job-temp-allocator-reduction-small-platforms=262144"
    "memorysetup-temp-allocator-size-background-worker=32768"
    "memorysetup-temp-allocator-size-job-worker=262144"
    "memorysetup-temp-allocator-size-preload-manager=33554432"
    "memorysetup-temp-allocator-size-nav-mesh-worker=65536"
    "memorysetup-temp-allocator-size-audio-worker=65536"
    "memorysetup-temp-allocator-size-cloud-worker=32768"
    "memorysetup-temp-allocator-size-gi-baking-worker=262144"
    "memorysetup-temp-allocator-size-gfx=262144"
Player connection [8728] Host "[IP] 192.168.100.6 [Port] 0 [Flags] 2 [Guid] 2551253561 [EditorId] 2551253561 [Version] 1048832 [Id] WindowsEditor(7,DESKTOP-TDRHE2C) [Debug] 1 [PackageName] WindowsEditor [ProjectName] Editor" joined multi-casting on [225.0.0.222:54997]...

Player connection [8728] Host "[IP] 192.168.100.6 [Port] 0 [Flags] 2 [Guid] 2551253561 [EditorId] 2551253561 [Version] 1048832 [Id] WindowsEditor(7,DESKTOP-TDRHE2C) [Debug] 1 [PackageName] WindowsEditor [ProjectName] Editor" joined alternative multi-casting on [225.0.0.222:34997]...

Refreshing native plugins compatible for Editor in 314.70 ms, found 3 plugins.
Preloading 0 native plugins for Editor in 0.00 ms.
Initialize engine version: 2021.3.18f1 (3129e69bc0c7)
[Subsystems] Discovering subsystems at path C:/Program Files/Unity/Hub/Editor/2021.3.18f1/Editor/Data/Resources/UnitySubsystems
[Subsystems] Discovering subsystems at path C:/Unity Projects/RacingGame/RacingGame/Assets
GfxDevice: creating device client; threaded=0; jobified=0
Direct3D:
    Version:  Direct3D 11.0 [level 11.1]
    Renderer: Intel(R) UHD Graphics 630 (ID=0x3e92)
    Vendor:   Intel
    VRAM:     16303 MB
    Driver:   30.0.101.1339
Initialize mono
Mono path[0] = 'C:/Program Files/Unity/Hub/Editor/2021.3.18f1/Editor/Data/Managed'
Mono path[1] = 'C:/Program Files/Unity/Hub/Editor/2021.3.18f1/Editor/Data/MonoBleedingEdge/lib/mono/unityjit-win32'
Mono config path = 'C:/Program Files/Unity/Hub/Editor/2021.3.18f1/Editor/Data/MonoBleedingEdge/etc'
Using monoOptions --debugger-agent=transport=dt_socket,embedding=1,server=y,suspend=n,address=127.0.0.1:56212
Begin MonoManager ReloadAssembly
Registering precompiled unity dll's ...
Register platform support module: C:/Program Files/Unity/Hub/Editor/2021.3.18f1/Editor/Data/PlaybackEngines/AndroidPlayer/UnityEditor.Android.Extensions.dll
Register platform support module: C:/Program Files/Unity/Hub/Editor/2021.3.18f1/Editor/Data/PlaybackEngines/iOSSupport/UnityEditor.iOS.Extensions.dll
Register platform support module: C:/Program Files/Unity/Hub/Editor/2021.3.18f1/Editor/Data/PlaybackEngines/WindowsStandaloneSupport/UnityEditor.WindowsStandalone.Extensions.dll
Registered in 0.007845 seconds.
Native extension for WindowsStandalone target not found
[usbmuxd] Start listen thread
[usbmuxd] Listen thread started
Native extension for iOS target not found
Native extension for Android target not found
Android Extension - Scanning For ADB Devices 509 ms
Refreshing native plugins compatible for Editor in 106.59 ms, found 3 plugins.
Preloading 0 native plugins for Editor in 0.00 ms.
Mono: successfully reloaded assembly
- Completed reload, in  1.735 seconds
Domain Reload Profiling:
	ReloadAssembly (1736ms)
		BeginReloadAssembly (149ms)
			ExecutionOrderSort (0ms)
			DisableScriptedObjects (0ms)
			BackupInstance (0ms)
			ReleaseScriptingObjects (0ms)
			CreateAndSetChildDomain (1ms)
		EndReloadAssembly (1407ms)
			LoadAssemblies (149ms)
			RebuildTransferFunctionScriptingTraits (0ms)
			SetupTypeCache (255ms)
			ReleaseScriptCaches (0ms)
			RebuildScriptCaches (41ms)
			SetupLoadedEditorAssemblies (1010ms)
				LogAssemblyErrors (0ms)
				InitializePlatformSupportModulesInManaged (673ms)
				SetLoadedEditorAssemblies (0ms)
				RefreshPlugins (107ms)
				BeforeProcessingInitializeOnLoad (2ms)
				ProcessInitializeOnLoadAttributes (156ms)
				ProcessInitializeOnLoadMethodAttributes (71ms)
				AfterProcessingInitializeOnLoad (0ms)
				EditorAssembliesLoaded (0ms)
			ExecutionOrderSort2 (0ms)
			AwakeInstancesAfterBackupRestoration (0ms)
Platform modules already initialized, skipping
Registering precompiled user dll's ...
Registered in 0.006592 seconds.
Begin MonoManager ReloadAssembly
Symbol file LoadedFromMemory doesn't match image C:\Unity Projects\RacingGame\RacingGame\Library\PackageCache\com.unity.visualscripting@1.8.0\Editor\VisualScripting.Core\Dependencies\YamlDotNet\Unity.VisualScripting.YamlDotNet.dll
Symbol file LoadedFromMemory doesn't match image C:\Unity Projects\RacingGame\RacingGame\Library\PackageCache\com.unity.visualscripting@1.8.0\Editor\VisualScripting.Core\Dependencies\DotNetZip\Unity.VisualScripting.IonicZip.dll
Native extension for WindowsStandalone target not found
Native extension for iOS target not found
Native extension for Android target not found
Refreshing native plugins compatible for Editor in 1.21 ms, found 3 plugins.
Preloading 0 native plugins for Editor in 0.00 ms.
Mono: successfully reloaded assembly
- Completed reload, in  1.695 seconds
Domain Reload Profiling:
	ReloadAssembly (1696ms)
		BeginReloadAssembly (204ms)
			ExecutionOrderSort (0ms)
			DisableScriptedObjects (11ms)
			BackupInstance (0ms)
			ReleaseScriptingObjects (0ms)
			CreateAndSetChildDomain (46ms)
		EndReloadAssembly (1319ms)
			LoadAssemblies (137ms)
			RebuildTransferFunctionScriptingTraits (0ms)
			SetupTypeCache (430ms)
			ReleaseScriptCaches (1ms)
			RebuildScriptCaches (93ms)
			SetupLoadedEditorAssemblies (576ms)
				LogAssemblyErrors (0ms)
				InitializePlatformSupportModulesInManaged (47ms)
				SetLoadedEditorAssemblies (1ms)
				RefreshPlugins (1ms)
				BeforeProcessingInitializeOnLoad (126ms)
				ProcessInitializeOnLoadAttributes (361ms)
				ProcessInitializeOnLoadMethodAttributes (31ms)
				AfterProcessingInitializeOnLoad (8ms)
				EditorAssembliesLoaded (0ms)
			ExecutionOrderSort2 (0ms)
			AwakeInstancesAfterBackupRestoration (11ms)
Platform modules already initialized, skipping
========================================================================
Worker process is ready to serve import requests
Launched and connected shader compiler UnityShaderCompiler.exe after 0.08 seconds
Refreshing native plugins compatible for Editor in 1.48 ms, found 3 plugins.
Preloading 0 native plugins for Editor in 0.00 ms.
Unloading 3129 Unused Serialized files (Serialized files now loaded: 0)
Unloading 24 unused Assets / (113.9 KB). Loaded Objects now: 3623.
Memory consumption went from 129.9 MB to 129.8 MB.
Total: 4.465000 ms (FindLiveObjects: 0.498000 ms CreateObjectMapping: 0.274500 ms MarkObjects: 3.547100 ms  DeleteObjects: 0.144000 ms)

AssetImportParameters requested are different than current active one (requested -> active):
  custom:video-decoder-ogg-theora: a1e56fd34408186e4bbccfd4996cb3dc -> 
  custom:container-muxer-webm: aa71ff27fc2769a1b78a27578f13a17b -> 
  custom:container-demuxer-webm: 4f35f7cbe854078d1ac9338744f61a02 -> 
  custom:video-encoder-webm-vp8: eb34c28f22e8b96e1ab97ce403110664 -> 
  custom:audio-encoder-webm-vorbis: bf7c407c2cedff20999df2af8eb42d56 -> 
  custom:framework-win-MediaFoundation: 216162199b28c13a410421893ffa2e32 -> 
  custom:container-demuxer-ogg: 62fdf1f143b41e24485cea50d1cbac27 -> 
  custom:video-decoder-webm-vp8: 9c59270c3fd7afecdb556c50c9e8de78 -> 
  custom:audio-decoder-ogg-vorbis: bf7c407c2cedff20999df2af8eb42d56 -> 
========================================================================
Received Import Request.
  Time since last request: 264451.093351 seconds.
  path: Assets/RealisticCarControllerV3/Prefabs/Vehicles/Model_Bus.prefab
  artifactKey: Guid(3fff5b71e380f6348aa33b581d422bd2) Importer(815301076,1909f56bfc062723c751e8b465ee728b)
Start importing Assets/RealisticCarControllerV3/Prefabs/Vehicles/Model_Bus.prefab using Guid(3fff5b71e380f6348aa33b581d422bd2) Importer(815301076,1909f56bfc062723c751e8b465ee728b)  -> (artifact id: '307eb72b98ccc2f0a6e902a3056d80f2') in 0.625702 seconds 
========================================================================
Received Import Request.
  Time since last request: 0.000031 seconds.
  path: Assets/RealisticCarControllerV3/Prefabs/Vehicles/Model_Trucks_Flatbed.prefab
  artifactKey: Guid(f06ac96efe73a7443b281e572e36f1d0) Importer(815301076,1909f56bfc062723c751e8b465ee728b)
Start importing Assets/RealisticCarControllerV3/Prefabs/Vehicles/Model_Trucks_Flatbed.prefab using Guid(f06ac96efe73a7443b281e572e36f1d0) Importer(815301076,1909f56bfc062723c751e8b465ee728b)  -> (artifact id: '5a6dad3885027acbd0c5fc998fba74c0') in 0.985443 seconds 
========================================================================
Received Import Request.
  Time since last request: 0.002274 seconds.
  path: Assets/RealisticCarControllerV3/Prefabs/Vehicles/Model_Cars_Van_Deliver.prefab
  artifactKey: Guid(95e7c8aa10c9a4c4f921221f267ae055) Importer(815301076,1909f56bfc062723c751e8b465ee728b)
Start importing Assets/RealisticCarControllerV3/Prefabs/Vehicles/Model_Cars_Van_Deliver.prefab using Guid(95e7c8aa10c9a4c4f921221f267ae055) Importer(815301076,1909f56bfc062723c751e8b465ee728b)  -> (artifact id: 'a384fa1361bfdffe84dc343c08d4b7d1') in 0.599286 seconds 
========================================================================
Received Import Request.
  Time since last request: 0.000033 seconds.
  path: Assets/RealisticCarControllerV3/Prefabs/Vehicles/Model_Skyline.prefab
  artifactKey: Guid(582ec036f71d2b84590c26a52a0a52b6) Importer(815301076,1909f56bfc062723c751e8b465ee728b)
Start importing Assets/RealisticCarControllerV3/Prefabs/Vehicles/Model_Skyline.prefab using Guid(582ec036f71d2b84590c26a52a0a52b6) Importer(815301076,1909f56bfc062723c751e8b465ee728b)  -> (artifact id: 'ed4c561b9db44df8dd01a2e0b7d27ef5') in 0.275976 seconds 
========================================================================
Received Import Request.
  Time since last request: 0.000044 seconds.
  path: Assets/RealisticCarControllerV3/Prefabs/Vehicles/Model_Trailer.prefab
  artifactKey: Guid(da8c5525144893747bba5094d8483311) Importer(815301076,1909f56bfc062723c751e8b465ee728b)
Start importing Assets/RealisticCarControllerV3/Prefabs/Vehicles/Model_Trailer.prefab using Guid(da8c5525144893747bba5094d8483311) Importer(815301076,1909f56bfc062723c751e8b465ee728b)  -> (artifact id: '1966c77f325e3ee42b5e9db087f1dccd') in 0.367800 seconds 
========================================================================
Received Import Request.
  Time since last request: 0.000076 seconds.
  path: Assets/RealisticCarControllerV3/Prefabs/Vehicles/Model_Sofie@Driving by BUMSTRUM.prefab
  artifactKey: Guid(6fa73193fc7c3a040acf01c5757f473a) Importer(815301076,1909f56bfc062723c751e8b465ee728b)
Start importing Assets/RealisticCarControllerV3/Prefabs/Vehicles/Model_Sofie@Driving by BUMSTRUM.prefab using Guid(6fa73193fc7c3a040acf01c5757f473a) Importer(815301076,1909f56bfc062723c751e8b465ee728b)  -> (artifact id: 'c6a5a4cdc7a5c5f9b6469d4778a2d1f2') in 0.399950 seconds 
========================================================================
Received Import Request.
  Time since last request: 0.000220 seconds.
  path: Assets/RealisticCarControllerV3/Prefabs/Vehicles/M3_E36.prefab
  artifactKey: Guid(0722a9e01046ddd4289c83d741ad6252) Importer(815301076,1909f56bfc062723c751e8b465ee728b)
Start importing Assets/RealisticCarControllerV3/Prefabs/Vehicles/M3_E36.prefab using Guid(0722a9e01046ddd4289c83d741ad6252) Importer(815301076,1909f56bfc062723c751e8b465ee728b)  -> (artifact id: '19488869fb3eb630b947e5901407ff6d') in 1.128834 seconds 
========================================================================
Received Import Request.
  Time since last request: 0.000028 seconds.
  path: Assets/RealisticCarControllerV3/Prefabs/Vehicles/Skyline (AI Chaser).prefab
  artifactKey: Guid(1b1e43849c5000340a4d53ea10ba1744) Importer(815301076,1909f56bfc062723c751e8b465ee728b)
Start importing Assets/RealisticCarControllerV3/Prefabs/Vehicles/Skyline (AI Chaser).prefab using Guid(1b1e43849c5000340a4d53ea10ba1744) Importer(815301076,1909f56bfc062723c751e8b465ee728b)  -> (artifact id: 'ca6f53e59fd2b7074e67189c86cd5bfd') in 0.249672 seconds 
========================================================================
Received Import Request.
  Time since last request: 0.000044 seconds.
  path: Assets/RealisticCarControllerV3/Prefabs/Vehicles/Model_Misc_Buggy.prefab
  artifactKey: Guid(4e587cd0df47fbc49b5c3bff314d1974) Importer(815301076,1909f56bfc062723c751e8b465ee728b)
Start importing Assets/RealisticCarControllerV3/Prefabs/Vehicles/Model_Misc_Buggy.prefab using Guid(4e587cd0df47fbc49b5c3bff314d1974) Importer(815301076,1909f56bfc062723c751e8b465ee728b)  -> (artifact id: 'b074caae4b7af2549004628f9066c6f4') in 0.136926 seconds 
========================================================================
Received Import Request.
  Time since last request: 0.000025 seconds.
  path: Assets/RealisticCarControllerV3/Prefabs/Vehicles/Model_Truck.prefab
  artifactKey: Guid(0295a61c2e7e21544867a415e2b6b5f4) Importer(815301076,1909f56bfc062723c751e8b465ee728b)
Start importing Assets/RealisticCarControllerV3/Prefabs/Vehicles/Model_Truck.prefab using Guid(0295a61c2e7e21544867a415e2b6b5f4) Importer(815301076,1909f56bfc062723c751e8b465ee728b)  -> (artifact id: '5e00ac89bc6adf762d7af7be38f0c850') in 0.112361 seconds 
========================================================================
Received Import Request.
  Time since last request: 0.000038 seconds.
  path: Assets/RealisticCarControllerV3/Prefabs/Vehicles/Model_Cars_SUV.prefab
  artifactKey: Guid(a404321611e983a4ea9bf400a193b597) Importer(815301076,1909f56bfc062723c751e8b465ee728b)
Start importing Assets/RealisticCarControllerV3/Prefabs/Vehicles/Model_Cars_SUV.prefab using Guid(a404321611e983a4ea9bf400a193b597) Importer(815301076,1909f56bfc062723c751e8b465ee728b)  -> (artifact id: '47cb8e868946b8800e660f1b4bfb2c01') in 0.292693 seconds 
